<?xml version="1.0" encoding="UTF-8"?>
<testng-results ignored="0" total="1" passed="1" failed="0" skipped="0">
  <reporter-output>
  </reporter-output>
  <suite started-at="2024-11-18T18:40:28 IST" name="Default suite" finished-at="2024-11-18T18:40:37 IST" duration-ms="9433">
    <groups>
    </groups>
    <test started-at="2024-11-18T18:40:28 IST" name="Default test" finished-at="2024-11-18T18:40:37 IST" duration-ms="9433">
      <class name="automation.Test1">
        <test-method is-config="true" signature="setup()[pri:0, instance:automation.Test1@416c58f5]" started-at="2024-11-18T18:40:28 IST" name="setup" finished-at="2024-11-18T18:40:33 IST" duration-ms="5267" status="PASS">
          <reporter-output>
          </reporter-output>
        </test-method> <!-- setup -->
        <test-method signature="test()[pri:0, instance:automation.Test1@416c58f5]" started-at="2024-11-18T18:40:33 IST" name="test" finished-at="2024-11-18T18:40:37 IST" duration-ms="3812" status="PASS">
          <reporter-output>
          </reporter-output>
        </test-method> <!-- test -->
        <test-method is-config="true" signature="teardown()[pri:0, instance:automation.Test1@416c58f5]" started-at="2024-11-18T18:40:37 IST" name="teardown" finished-at="2024-11-18T18:40:37 IST" duration-ms="301" status="PASS">
          <reporter-output>
          </reporter-output>
        </test-method> <!-- teardown -->
      </class> <!-- automation.Test1 -->
    </test> <!-- Default test -->
  </suite> <!-- Default suite -->
</testng-results>
